<?xml version="1.0" encoding="utf-8"?><testsuites name="pytest tests"><testsuite name="pytest" errors="0" failures="0" skipped="0" tests="20" time="5.238" timestamp="2026-03-04T13:08:46.579556+00:00" hostname="agent-env-a70a327f-0604-46f4-9c3e-0e4c46f61709"><testcase classname="backend.tests.test_ghiras_api.TestRootAPI" name="test_api_root" time="0.298" /><testcase classname="backend.tests.test_ghiras_api.TestStudentsAPI" name="test_get_all_students" time="0.621" /><testcase classname="backend.tests.test_ghiras_api.TestStudentsAPI" name="test_get_students_lite_mode" time="0.137" /><testcase classname="backend.tests.test_ghiras_api.TestStudentsAPI" name="test_get_student_profile" time="0.191" /><testcase classname="backend.tests.test_ghiras_api.TestStudentsAPI" name="test_get_nonexistent_student" time="0.140" /><testcase classname="backend.tests.test_ghiras_api.TestStudentsAPI" name="test_create_student" time="0.257" /><testcase classname="backend.tests.test_ghiras_api.TestStudentsAPI" name="test_update_student" time="0.403" /><testcase classname="backend.tests.test_ghiras_api.TestStudentsAPI" name="test_delete_student" time="0.264" /><testcase classname="backend.tests.test_ghiras_api.TestPointsAPI" name="test_update_points_positive" time="0.275" /><testcase classname="backend.tests.test_ghiras_api.TestPointsAPI" name="test_update_points_negative" time="0.321" /><testcase classname="backend.tests.test_ghiras_api.TestPointsAPI" name="test_mark_attendance" time="0.255" /><testcase classname="backend.tests.test_ghiras_api.TestRamadanQuizAPI" name="test_get_today_quiz" time="0.171" /><testcase classname="backend.tests.test_ghiras_api.TestRamadanQuizAPI" name="test_get_quiz_status_for_student" time="0.162" /><testcase classname="backend.tests.test_ghiras_api.TestRamadanQuizAPI" name="test_quiz_status_nonexistent_student" time="0.140" /><testcase classname="backend.tests.test_ghiras_api.TestChallengesAPI" name="test_get_all_challenges" time="0.143" /><testcase classname="backend.tests.test_ghiras_api.TestChallengesAPI" name="test_get_active_challenges" time="0.157" /><testcase classname="backend.tests.test_ghiras_api.TestChallengesAPI" name="test_create_challenge" time="0.220" /><testcase classname="backend.tests.test_ghiras_api.TestChallengesAPI" name="test_toggle_challenge" time="0.337" /><testcase classname="backend.tests.test_ghiras_api.TestChallengesAPI" name="test_delete_challenge" time="0.251" /><testcase classname="backend.tests.test_ghiras_api.TestSupervisorsAPI" name="test_get_supervisors" time="0.167" /></testsuite></testsuites>