<?xml version="1.0" encoding="utf-8"?><testsuites name="pytest tests"><testsuite name="pytest" errors="0" failures="2" skipped="0" tests="39" time="9.511" timestamp="2026-03-05T14:37:37.496320+00:00" hostname="agent-env-a70a327f-0604-46f4-9c3e-0e4c46f61709"><testcase classname="backend.tests.test_ghiras_api_v2.TestHealthAndBasics" name="test_api_root" time="0.272" /><testcase classname="backend.tests.test_ghiras_api_v2.TestHealthAndBasics" name="test_get_students_public" time="0.602" /><testcase classname="backend.tests.test_ghiras_api_v2.TestHealthAndBasics" name="test_get_supervisors" time="0.152" /><testcase classname="backend.tests.test_ghiras_api_v2.TestAuthentication" name="test_login_success" time="0.169" /><testcase classname="backend.tests.test_ghiras_api_v2.TestAuthentication" name="test_login_wrong_credentials" time="0.155" /><testcase classname="backend.tests.test_ghiras_api_v2.TestAuthentication" name="test_verify_token" time="0.301" /><testcase classname="backend.tests.test_ghiras_api_v2.TestAuthentication" name="test_verify_invalid_token" time="0.128" /><testcase classname="backend.tests.test_ghiras_api_v2.TestAuthentication" name="test_verify_no_token" time="0.133" /><testcase classname="backend.tests.test_ghiras_api_v2.TestProtectedRoutes" name="test_create_student_requires_auth" time="0.118" /><testcase classname="backend.tests.test_ghiras_api_v2.TestProtectedRoutes" name="test_update_student_requires_auth" time="0.126" /><testcase classname="backend.tests.test_ghiras_api_v2.TestProtectedRoutes" name="test_delete_student_requires_auth" time="0.119" /><testcase classname="backend.tests.test_ghiras_api_v2.TestProtectedRoutes" name="test_update_points_requires_auth" time="0.148" /><testcase classname="backend.tests.test_ghiras_api_v2.TestStudentsCRUD" name="test_create_update_delete_student" time="0.809" /><testcase classname="backend.tests.test_ghiras_api_v2.TestBulkPoints" name="test_bulk_points_requires_auth" time="0.115" /><testcase classname="backend.tests.test_ghiras_api_v2.TestBulkPoints" name="test_bulk_points_invalid_group" time="0.127"><failure message="assert 400 == 404&#10; +  where 400 = &lt;Response [400]&gt;.status_code">backend/tests/test_ghiras_api_v2.py:227: in test_bulk_points_invalid_group
    assert response.status_code == 404
E   assert 400 == 404
E    +  where 400 = &lt;Response [400]&gt;.status_code</failure></testcase><testcase classname="backend.tests.test_ghiras_api_v2.TestBulkPoints" name="test_bulk_points_valid_group" time="0.247"><failure message="assert 400 == 200&#10; +  where 400 = &lt;Response [400]&gt;.status_code">backend/tests/test_ghiras_api_v2.py:244: in test_bulk_points_valid_group
    assert response.status_code == 200
E   assert 400 == 200
E    +  where 400 = &lt;Response [400]&gt;.status_code</failure></testcase><testcase classname="backend.tests.test_ghiras_api_v2.TestPointsLog" name="test_get_points_log_public" time="0.127" /><testcase classname="backend.tests.test_ghiras_api_v2.TestPointsLog" name="test_points_log_after_update" time="0.322" /><testcase classname="backend.tests.test_ghiras_api_v2.TestTasks" name="test_get_tasks_public" time="0.179" /><testcase classname="backend.tests.test_ghiras_api_v2.TestTasks" name="test_create_task_requires_auth" time="0.145" /><testcase classname="backend.tests.test_ghiras_api_v2.TestTasks" name="test_task_lifecycle" time="1.066" /><testcase classname="backend.tests.test_ghiras_api_v2.TestTasks" name="test_complete_task_requires_auth" time="0.122" /><testcase classname="backend.tests.test_ghiras_api_v2.TestFootballLeague" name="test_get_matches_public" time="0.129" /><testcase classname="backend.tests.test_ghiras_api_v2.TestFootballLeague" name="test_get_standings_public" time="0.130" /><testcase classname="backend.tests.test_ghiras_api_v2.TestFootballLeague" name="test_create_match_requires_auth" time="0.136" /><testcase classname="backend.tests.test_ghiras_api_v2.TestFootballLeague" name="test_match_lifecycle" time="0.545" /><testcase classname="backend.tests.test_ghiras_api_v2.TestLeagueStar" name="test_get_league_star_public" time="0.144" /><testcase classname="backend.tests.test_ghiras_api_v2.TestLeagueStar" name="test_get_all_stars_public" time="0.153" /><testcase classname="backend.tests.test_ghiras_api_v2.TestLeagueStar" name="test_create_star_requires_auth" time="0.147" /><testcase classname="backend.tests.test_ghiras_api_v2.TestLeagueStar" name="test_star_lifecycle" time="0.390" /><testcase classname="backend.tests.test_ghiras_api_v2.TestViewerLinks" name="test_get_viewer_links_requires_auth" time="0.128" /><testcase classname="backend.tests.test_ghiras_api_v2.TestViewerLinks" name="test_create_viewer_link_requires_auth" time="0.121" /><testcase classname="backend.tests.test_ghiras_api_v2.TestViewerLinks" name="test_viewer_link_lifecycle" time="0.714" /><testcase classname="backend.tests.test_ghiras_api_v2.TestViewerLinks" name="test_validate_existing_viewer_token" time="0.122" /><testcase classname="backend.tests.test_ghiras_api_v2.TestViewerLinks" name="test_invalid_viewer_token" time="0.125" /><testcase classname="backend.tests.test_ghiras_api_v2.TestChallenges" name="test_get_challenges_public" time="0.123" /><testcase classname="backend.tests.test_ghiras_api_v2.TestChallenges" name="test_get_active_challenges_public" time="0.130" /><testcase classname="backend.tests.test_ghiras_api_v2.TestStudentProfile" name="test_get_student_profile_public" time="0.120" /><testcase classname="backend.tests.test_ghiras_api_v2.TestStudentProfile" name="test_nonexistent_student_profile" time="0.135" /></testsuite></testsuites>